<?xml version="1.0" encoding="UTF-8"?>
<!-- Generated by org.testng.reporters.JUnitReportReporter -->
<testsuite skipped="1" hostname="praveenkumar" name="kumar11.selectingtest" tests="4" failures="0" timestamp="2019-11-17T20:18:32 IST" time="0.024" errors="0">
  <testcase name="methodone" time="0.002" classname="kumar11.selectingtest"/>
  <testcase name="methodfour" time="0.020" classname="kumar11.selectingtest"/>
  <testcase name="methodtwo" time="0.002" classname="kumar11.selectingtest"/>
  <testcase name="methodthree" classname="kumar11.selectingtest">
    <skipped/>
  </testcase> <!-- methodthree -->
</testsuite> <!-- kumar11.selectingtest -->
